<?xml version="1.0" encoding="UTF-8"?>
<coverage generated="1664804557091" clover="3.2.0">
  <project timestamp="1664804557091" name="All files">
    <metrics statements="84" coveredstatements="47" conditionals="8" coveredconditionals="3" methods="22" coveredmethods="5" elements="114" coveredelements="55" complexity="0" loc="84" ncloc="84" packages="4" files="9" classes="9"/>
    <package name="pages">
      <metrics statements="46" coveredstatements="23" conditionals="4" coveredconditionals="2" methods="11" coveredmethods="2"/>
      <file name="_app.tsx" path="C:\COMP30022 IT Project\NITRO30022-Frontend\pages\_app.tsx">
        <metrics statements="1" coveredstatements="1" conditionals="0" coveredconditionals="0" methods="1" coveredmethods="1"/>
        <line num="7" count="16" type="stmt"/>
      </file>
      <file name="index.tsx" path="C:\COMP30022 IT Project\NITRO30022-Frontend\pages\index.tsx">
        <metrics statements="45" coveredstatements="22" conditionals="4" coveredconditionals="2" methods="10" coveredmethods="1"/>
        <line num="21" count="16" type="stmt"/>
        <line num="22" count="16" type="stmt"/>
        <line num="23" count="16" type="stmt"/>
        <line num="24" count="16" type="stmt"/>
        <line num="25" count="16" type="stmt"/>
        <line num="26" count="16" type="stmt"/>
        <line num="27" count="16" type="stmt"/>
        <line num="28" count="16" type="stmt"/>
        <line num="30" count="16" type="stmt"/>
        <line num="32" count="0" type="stmt"/>
        <line num="33" count="0" type="stmt"/>
        <line num="36" count="0" type="stmt"/>
        <line num="42" count="16" type="stmt"/>
        <line num="43" count="0" type="stmt"/>
        <line num="44" count="0" type="stmt"/>
        <line num="47" count="16" type="stmt"/>
        <line num="49" count="0" type="stmt"/>
        <line num="50" count="0" type="stmt"/>
        <line num="51" count="0" type="stmt"/>
        <line num="54" count="0" type="stmt"/>
        <line num="55" count="0" type="stmt"/>
        <line num="56" count="0" type="stmt"/>
        <line num="59" count="0" type="stmt"/>
        <line num="60" count="0" type="stmt"/>
        <line num="61" count="0" type="stmt"/>
        <line num="66" count="16" type="stmt"/>
        <line num="68" count="0" type="stmt"/>
        <line num="69" count="0" type="stmt"/>
        <line num="70" count="0" type="stmt"/>
        <line num="73" count="0" type="stmt"/>
        <line num="74" count="0" type="stmt"/>
        <line num="75" count="0" type="stmt"/>
        <line num="78" count="0" type="stmt"/>
        <line num="79" count="0" type="stmt"/>
        <line num="80" count="0" type="stmt"/>
        <line num="86" count="16" type="stmt"/>
        <line num="176" count="9" type="stmt"/>
        <line num="185" count="9" type="stmt"/>
        <line num="201" count="9" type="stmt"/>
        <line num="209" count="9" type="stmt"/>
        <line num="217" count="9" type="stmt"/>
        <line num="227" count="9" type="stmt"/>
        <line num="243" count="9" type="stmt"/>
        <line num="256" count="9" type="stmt"/>
        <line num="264" count="9" type="stmt"/>
      </file>
    </package>
    <package name="pages.dashboard.components">
      <metrics statements="3" coveredstatements="1" conditionals="0" coveredconditionals="0" methods="1" coveredmethods="0"/>
      <file name="ActivityIndicator.tsx" path="C:\COMP30022 IT Project\NITRO30022-Frontend\pages\dashboard\components\ActivityIndicator.tsx">
        <metrics statements="3" coveredstatements="1" conditionals="0" coveredconditionals="0" methods="1" coveredmethods="0"/>
        <line num="5" count="9" type="stmt"/>
        <line num="6" count="0" type="stmt"/>
        <line num="15" count="0" type="stmt"/>
      </file>
    </package>
    <package name="src.components">
      <metrics statements="13" coveredstatements="13" conditionals="2" coveredconditionals="1" methods="2" coveredmethods="2"/>
      <file name="InputField.tsx" path="C:\COMP30022 IT Project\NITRO30022-Frontend\src\components\InputField.tsx">
        <metrics statements="8" coveredstatements="8" conditionals="0" coveredconditionals="0" methods="1" coveredmethods="1"/>
        <line num="15" count="9" type="stmt"/>
        <line num="23" count="80" type="stmt"/>
        <line num="41" count="80" type="stmt"/>
        <line num="60" count="9" type="stmt"/>
        <line num="66" count="9" type="stmt"/>
        <line num="73" count="9" type="stmt"/>
        <line num="84" count="9" type="stmt"/>
        <line num="92" count="9" type="stmt"/>
      </file>
      <file name="NitButton.tsx" path="C:\COMP30022 IT Project\NITRO30022-Frontend\src\components\NitButton.tsx">
        <metrics statements="5" coveredstatements="5" conditionals="2" coveredconditionals="1" methods="1" coveredmethods="1"/>
        <line num="13" count="9" type="stmt"/>
        <line num="20" count="32" type="stmt"/>
        <line num="32" count="9" type="stmt"/>
        <line num="37" count="9" type="stmt"/>
        <line num="55" count="9" type="stmt"/>
      </file>
    </package>
    <package name="src.redux">
      <metrics statements="22" coveredstatements="10" conditionals="2" coveredconditionals="0" methods="8" coveredmethods="1"/>
      <file name="apiClient.ts" path="C:\COMP30022 IT Project\NITRO30022-Frontend\src\redux\apiClient.ts">
        <metrics statements="9" coveredstatements="2" conditionals="2" coveredconditionals="0" methods="5" coveredmethods="1"/>
        <line num="11" count="9" type="stmt"/>
        <line num="16" count="0" type="stmt"/>
        <line num="17" count="0" type="cond" truecount="0" falsecount="2"/>
        <line num="18" count="0" type="stmt"/>
        <line num="20" count="0" type="stmt"/>
        <line num="23" count="9" type="stmt"/>
        <line num="25" count="0" type="stmt"/>
        <line num="32" count="0" type="stmt"/>
        <line num="39" count="0" type="stmt"/>
      </file>
      <file name="authReducer.ts" path="C:\COMP30022 IT Project\NITRO30022-Frontend\src\redux\authReducer.ts">
        <metrics statements="5" coveredstatements="3" conditionals="0" coveredconditionals="0" methods="2" coveredmethods="0"/>
        <line num="4" count="9" type="stmt"/>
        <line num="8" count="9" type="stmt"/>
        <line num="13" count="0" type="stmt"/>
        <line num="17" count="0" type="stmt"/>
        <line num="21" count="9" type="stmt"/>
      </file>
      <file name="store.ts" path="C:\COMP30022 IT Project\NITRO30022-Frontend\src\redux\store.ts">
        <metrics statements="1" coveredstatements="1" conditionals="0" coveredconditionals="0" methods="0" coveredmethods="0"/>
        <line num="5" count="9" type="stmt"/>
      </file>
      <file name="userReducer.ts" path="C:\COMP30022 IT Project\NITRO30022-Frontend\src\redux\userReducer.ts">
        <metrics statements="7" coveredstatements="4" conditionals="0" coveredconditionals="0" methods="1" coveredmethods="0"/>
        <line num="4" count="9" type="stmt"/>
        <line num="6" count="9" type="stmt"/>
        <line num="12" count="9" type="stmt"/>
        <line num="17" count="0" type="stmt"/>
        <line num="18" count="0" type="stmt"/>
        <line num="19" count="0" type="stmt"/>
        <line num="23" count="9" type="stmt"/>
      </file>
    </package>
  </project>
</coverage>
