{"total": {"lines":{"total":40,"covered":25,"skipped":0,"pct":62.5},"statements":{"total":40,"covered":25,"skipped":0,"pct":62.5},"functions":{"total":13,"covered":3,"skipped":0,"pct":23.07},"branches":{"total":6,"covered":2,"skipped":0,"pct":33.33},"branchesTrue":{"total":0,"covered":0,"skipped":0,"pct":100}}
,"C:\\COMP30022 IT Project\\NITRO30022-Frontend\\src\\components\\InputField.tsx": {"lines":{"total":9,"covered":9,"skipped":0,"pct":100},"functions":{"total":1,"covered":1,"skipped":0,"pct":100},"statements":{"total":9,"covered":9,"skipped":0,"pct":100},"branches":{"total":2,"covered":1,"skipped":0,"pct":50}}
,"C:\\COMP30022 IT Project\\NITRO30022-Frontend\\src\\components\\NitButton.tsx": {"lines":{"total":5,"covered":5,"skipped":0,"pct":100},"functions":{"total":1,"covered":1,"skipped":0,"pct":100},"statements":{"total":5,"covered":5,"skipped":0,"pct":100},"branches":{"total":2,"covered":1,"skipped":0,"pct":50}}
,"C:\\COMP30022 IT Project\\NITRO30022-Frontend\\src\\redux\\apiClient.ts": {"lines":{"total":13,"covered":3,"skipped":0,"pct":23.07},"functions":{"total":8,"covered":1,"skipped":0,"pct":12.5},"statements":{"total":13,"covered":3,"skipped":0,"pct":23.07},"branches":{"total":2,"covered":0,"skipped":0,"pct":0}}
,"C:\\COMP30022 IT Project\\NITRO30022-Frontend\\src\\redux\\authReducer.ts": {"lines":{"total":5,"covered":3,"skipped":0,"pct":60},"functions":{"total":2,"covered":0,"skipped":0,"pct":0},"statements":{"total":5,"covered":3,"skipped":0,"pct":60},"branches":{"total":0,"covered":0,"skipped":0,"pct":100}}
,"C:\\COMP30022 IT Project\\NITRO30022-Frontend\\src\\redux\\store.ts": {"lines":{"total":1,"covered":1,"skipped":0,"pct":100},"functions":{"total":0,"covered":0,"skipped":0,"pct":100},"statements":{"total":1,"covered":1,"skipped":0,"pct":100},"branches":{"total":0,"covered":0,"skipped":0,"pct":100}}
,"C:\\COMP30022 IT Project\\NITRO30022-Frontend\\src\\redux\\userReducer.ts": {"lines":{"total":7,"covered":4,"skipped":0,"pct":57.14},"functions":{"total":1,"covered":0,"skipped":0,"pct":0},"statements":{"total":7,"covered":4,"skipped":0,"pct":57.14},"branches":{"total":0,"covered":0,"skipped":0,"pct":100}}
}
