{"C:\\COMP30022 IT Project\\NITRO30022-Frontend\\src\\components\\InputField.tsx": {"path":"C:\\COMP30022 IT Project\\NITRO30022-Frontend\\src\\components\\InputField.tsx","statementMap":{"0":{"start":{"line":15,"column":40},"end":{"line":61,"column":1}},"1":{"start":{"line":23,"column":35},"end":{"line":40,"column":3}},"2":{"start":{"line":41,"column":33},"end":{"line":43,"column":3}},"3":{"start":{"line":44,"column":2},"end":{"line":60,"column":4}},"4":{"start":{"line":63,"column":23},"end":{"line":67,"column":1}},"5":{"start":{"line":69,"column":18},"end":{"line":74,"column":1}},"6":{"start":{"line":76,"column":23},"end":{"line":85,"column":1}},"7":{"start":{"line":87,"column":16},"end":{"line":94,"column":1}},"8":{"start":{"line":95,"column":18},"end":{"line":110,"column":1}}},"fnMap":{"0":{"name":"(anonymous_0)","decl":{"start":{"line":15,"column":40},"end":{"line":15,"column":41}},"loc":{"start":{"line":22,"column":6},"end":{"line":61,"column":1}},"line":22}},"branchMap":{"0":{"loc":{"start":{"line":42,"column":17},"end":{"line":42,"column":38}},"type":"cond-expr","locations":[{"start":{"line":42,"column":23},"end":{"line":42,"column":29}},{"start":{"line":42,"column":32},"end":{"line":42,"column":38}}],"line":42}},"s":{"0":17,"1":240,"2":240,"3":240,"4":17,"5":17,"6":17,"7":17,"8":17},"f":{"0":240},"b":{"0":[240,0]},"_coverageSchema":"1a1c01bbd47fc00a2c39e90264f33305004495a9","hash":"ae5ead01453b93e9809ece63cf41f66b43c09bae"}
,"C:\\COMP30022 IT Project\\NITRO30022-Frontend\\src\\components\\NitButton.tsx": {"path":"C:\\COMP30022 IT Project\\NITRO30022-Frontend\\src\\components\\NitButton.tsx","statementMap":{"0":{"start":{"line":13,"column":38},"end":{"line":30,"column":1}},"1":{"start":{"line":20,"column":2},"end":{"line":29,"column":4}},"2":{"start":{"line":32,"column":16},"end":{"line":36,"column":1}},"3":{"start":{"line":37,"column":20},"end":{"line":53,"column":1}},"4":{"start":{"line":55,"column":19},"end":{"line":65,"column":1}}},"fnMap":{"0":{"name":"(anonymous_0)","decl":{"start":{"line":13,"column":38},"end":{"line":13,"column":39}},"loc":{"start":{"line":19,"column":6},"end":{"line":30,"column":1}},"line":19}},"branchMap":{"0":{"loc":{"start":{"line":23,"column":7},"end":{"line":27,"column":7}},"type":"binary-expr","locations":[{"start":{"line":23,"column":7},"end":{"line":23,"column":14}},{"start":{"line":24,"column":8},"end":{"line":26,"column":18}}],"line":23}},"s":{"0":17,"1":96,"2":17,"3":17,"4":17},"f":{"0":96},"b":{"0":[96,10]},"_coverageSchema":"1a1c01bbd47fc00a2c39e90264f33305004495a9","hash":"5ced6dac85dc5e95e2bdf746c43d480b3a53b385"}
,"C:\\COMP30022 IT Project\\NITRO30022-Frontend\\src\\redux\\apiClient.ts": {"path":"C:\\COMP30022 IT Project\\NITRO30022-Frontend\\src\\redux\\apiClient.ts","statementMap":{"0":{"start":{"line":13,"column":16},"end":{"line":13,"column":42}},"1":{"start":{"line":14,"column":25},"end":{"line":75,"column":2}},"2":{"start":{"line":19,"column":20},"end":{"line":19,"column":60}},"3":{"start":{"line":20,"column":6},"end":{"line":22,"column":7}},"4":{"start":{"line":21,"column":8},"end":{"line":21,"column":56}},"5":{"start":{"line":23,"column":6},"end":{"line":23,"column":21}},"6":{"start":{"line":26,"column":25},"end":{"line":74,"column":3}},"7":{"start":{"line":28,"column":29},"end":{"line":32,"column":7}},"8":{"start":{"line":35,"column":31},"end":{"line":39,"column":7}},"9":{"start":{"line":42,"column":31},"end":{"line":46,"column":7}},"10":{"start":{"line":49,"column":31},"end":{"line":59,"column":7}},"11":{"start":{"line":63,"column":20},"end":{"line":65,"column":7}},"12":{"start":{"line":68,"column":31},"end":{"line":72,"column":7}}},"fnMap":{"0":{"name":"(anonymous_0)","decl":{"start":{"line":18,"column":20},"end":{"line":18,"column":21}},"loc":{"start":{"line":18,"column":47},"end":{"line":24,"column":5}},"line":18},"1":{"name":"(anonymous_1)","decl":{"start":{"line":26,"column":13},"end":{"line":26,"column":14}},"loc":{"start":{"line":26,"column":25},"end":{"line":74,"column":3}},"line":26},"2":{"name":"(anonymous_2)","decl":{"start":{"line":28,"column":13},"end":{"line":28,"column":14}},"loc":{"start":{"line":28,"column":29},"end":{"line":32,"column":7}},"line":28},"3":{"name":"(anonymous_3)","decl":{"start":{"line":35,"column":13},"end":{"line":35,"column":14}},"loc":{"start":{"line":35,"column":31},"end":{"line":39,"column":7}},"line":35},"4":{"name":"(anonymous_4)","decl":{"start":{"line":42,"column":13},"end":{"line":42,"column":14}},"loc":{"start":{"line":42,"column":31},"end":{"line":46,"column":7}},"line":42},"5":{"name":"(anonymous_5)","decl":{"start":{"line":49,"column":13},"end":{"line":49,"column":14}},"loc":{"start":{"line":49,"column":31},"end":{"line":59,"column":7}},"line":49},"6":{"name":"(anonymous_6)","decl":{"start":{"line":63,"column":13},"end":{"line":63,"column":14}},"loc":{"start":{"line":63,"column":20},"end":{"line":65,"column":7}},"line":63},"7":{"name":"(anonymous_7)","decl":{"start":{"line":68,"column":13},"end":{"line":68,"column":14}},"loc":{"start":{"line":68,"column":31},"end":{"line":72,"column":7}},"line":68}},"branchMap":{"0":{"loc":{"start":{"line":20,"column":6},"end":{"line":22,"column":7}},"type":"if","locations":[{"start":{"line":20,"column":6},"end":{"line":22,"column":7}},{"start":{},"end":{}}],"line":20}},"s":{"0":17,"1":17,"2":5,"3":5,"4":0,"5":5,"6":17,"7":0,"8":3,"9":2,"10":0,"11":0,"12":0},"f":{"0":5,"1":17,"2":0,"3":3,"4":2,"5":0,"6":0,"7":0},"b":{"0":[0,5]},"_coverageSchema":"1a1c01bbd47fc00a2c39e90264f33305004495a9","hash":"79e719afc3a9912899507aca3ca7534d221192f4"}
,"C:\\COMP30022 IT Project\\NITRO30022-Frontend\\src\\redux\\authReducer.ts": {"path":"C:\\COMP30022 IT Project\\NITRO30022-Frontend\\src\\redux\\authReducer.ts","statementMap":{"0":{"start":{"line":4,"column":32},"end":{"line":6,"column":1}},"1":{"start":{"line":8,"column":25},"end":{"line":20,"column":2}},"2":{"start":{"line":13,"column":6},"end":{"line":13,"column":39}},"3":{"start":{"line":17,"column":6},"end":{"line":17,"column":47}},"4":{"start":{"line":21,"column":40},"end":{"line":21,"column":57}}},"fnMap":{"0":{"name":"(anonymous_0)","decl":{"start":{"line":12,"column":18},"end":{"line":12,"column":19}},"loc":{"start":{"line":12,"column":60},"end":{"line":14,"column":5}},"line":12},"1":{"name":"(anonymous_1)","decl":{"start":{"line":16,"column":12},"end":{"line":16,"column":13}},"loc":{"start":{"line":16,"column":23},"end":{"line":18,"column":5}},"line":16}},"branchMap":{},"s":{"0":17,"1":17,"2":0,"3":0,"4":17},"f":{"0":0,"1":0},"b":{},"_coverageSchema":"1a1c01bbd47fc00a2c39e90264f33305004495a9","hash":"88faef048618598903b379b7fc2a4c660c9cb30e"}
,"C:\\COMP30022 IT Project\\NITRO30022-Frontend\\src\\redux\\store.ts": {"path":"C:\\COMP30022 IT Project\\NITRO30022-Frontend\\src\\redux\\store.ts","statementMap":{"0":{"start":{"line":5,"column":14},"end":{"line":10,"column":2}}},"fnMap":{},"branchMap":{},"s":{"0":17},"f":{},"b":{},"_coverageSchema":"1a1c01bbd47fc00a2c39e90264f33305004495a9","hash":"0e232cd667ebe67cb1c16756a080b79619e8370d"}
,"C:\\COMP30022 IT Project\\NITRO30022-Frontend\\src\\redux\\userReducer.ts": {"path":"C:\\COMP30022 IT Project\\NITRO30022-Frontend\\src\\redux\\userReducer.ts","statementMap":{"0":{"start":{"line":4,"column":24},"end":{"line":4,"column":34}},"1":{"start":{"line":6,"column":32},"end":{"line":10,"column":1}},"2":{"start":{"line":12,"column":25},"end":{"line":22,"column":2}},"3":{"start":{"line":17,"column":6},"end":{"line":17,"column":41}},"4":{"start":{"line":18,"column":6},"end":{"line":18,"column":47}},"5":{"start":{"line":19,"column":6},"end":{"line":19,"column":47}},"6":{"start":{"line":23,"column":27},"end":{"line":23,"column":44}}},"fnMap":{"0":{"name":"(anonymous_0)","decl":{"start":{"line":16,"column":13},"end":{"line":16,"column":14}},"loc":{"start":{"line":16,"column":58},"end":{"line":20,"column":5}},"line":16}},"branchMap":{},"s":{"0":17,"1":17,"2":17,"3":0,"4":0,"5":0,"6":17},"f":{"0":0},"b":{},"_coverageSchema":"1a1c01bbd47fc00a2c39e90264f33305004495a9","hash":"0d7e039d9762e70bcaad581a96ddec7eeed77128"}
}
