{"C:\\COMP30022 IT Project\\NITRO30022-Frontend\\pages\\index.tsx": {"path":"C:\\COMP30022 IT Project\\NITRO30022-Frontend\\pages\\index.tsx","statementMap":{"0":{"start":{"line":21,"column":19},"end":{"line":21,"column":32}},"1":{"start":{"line":22,"column":36},"end":{"line":22,"column":51}},"2":{"start":{"line":23,"column":38},"end":{"line":23,"column":53}},"3":{"start":{"line":24,"column":40},"end":{"line":24,"column":55}},"4":{"start":{"line":25,"column":40},"end":{"line":25,"column":55}},"5":{"start":{"line":26,"column":22},"end":{"line":26,"column":61}},"6":{"start":{"line":27,"column":23},"end":{"line":27,"column":63}},"7":{"start":{"line":28,"column":18},"end":{"line":28,"column":57}},"8":{"start":{"line":30,"column":23},"end":{"line":40,"column":3}},"9":{"start":{"line":32,"column":6},"end":{"line":32,"column":36}},"10":{"start":{"line":33,"column":6},"end":{"line":37,"column":11}},"11":{"start":{"line":36,"column":10},"end":{"line":36,"column":36}},"12":{"start":{"line":42,"column":22},"end":{"line":45,"column":8}},"13":{"start":{"line":43,"column":4},"end":{"line":43,"column":25}},"14":{"start":{"line":44,"column":4},"end":{"line":44,"column":26}},"15":{"start":{"line":47,"column":23},"end":{"line":65,"column":3}},"16":{"start":{"line":49,"column":6},"end":{"line":49,"column":20}},"17":{"start":{"line":50,"column":6},"end":{"line":50,"column":25}},"18":{"start":{"line":51,"column":6},"end":{"line":62,"column":11}},"19":{"start":{"line":54,"column":10},"end":{"line":54,"column":30}},"20":{"start":{"line":55,"column":10},"end":{"line":55,"column":37}},"21":{"start":{"line":56,"column":10},"end":{"line":56,"column":36}},"22":{"start":{"line":59,"column":10},"end":{"line":59,"column":30}},"23":{"start":{"line":60,"column":10},"end":{"line":60,"column":30}},"24":{"start":{"line":61,"column":10},"end":{"line":61,"column":45}},"25":{"start":{"line":66,"column":26},"end":{"line":84,"column":3}},"26":{"start":{"line":68,"column":6},"end":{"line":68,"column":20}},"27":{"start":{"line":69,"column":6},"end":{"line":69,"column":27}},"28":{"start":{"line":70,"column":6},"end":{"line":81,"column":11}},"29":{"start":{"line":73,"column":10},"end":{"line":73,"column":30}},"30":{"start":{"line":74,"column":10},"end":{"line":74,"column":37}},"31":{"start":{"line":75,"column":10},"end":{"line":75,"column":36}},"32":{"start":{"line":78,"column":10},"end":{"line":78,"column":32}},"33":{"start":{"line":79,"column":10},"end":{"line":79,"column":31}},"34":{"start":{"line":80,"column":10},"end":{"line":80,"column":45}},"35":{"start":{"line":86,"column":2},"end":{"line":184,"column":4}},"36":{"start":{"line":187,"column":18},"end":{"line":195,"column":1}},"37":{"start":{"line":196,"column":18},"end":{"line":210,"column":1}},"38":{"start":{"line":212,"column":23},"end":{"line":218,"column":1}},"39":{"start":{"line":220,"column":28},"end":{"line":226,"column":1}},"40":{"start":{"line":228,"column":31},"end":{"line":236,"column":1}},"41":{"start":{"line":238,"column":23},"end":{"line":252,"column":1}},"42":{"start":{"line":254,"column":24},"end":{"line":265,"column":1}},"43":{"start":{"line":267,"column":14},"end":{"line":273,"column":1}},"44":{"start":{"line":275,"column":17},"end":{"line":282,"column":1}}},"fnMap":{"0":{"name":"Home","decl":{"start":{"line":20,"column":24},"end":{"line":20,"column":28}},"loc":{"start":{"line":20,"column":31},"end":{"line":185,"column":1}},"line":20},"1":{"name":"(anonymous_1)","decl":{"start":{"line":31,"column":4},"end":{"line":31,"column":5}},"loc":{"start":{"line":31,"column":23},"end":{"line":38,"column":5}},"line":31},"2":{"name":"(anonymous_2)","decl":{"start":{"line":35,"column":14},"end":{"line":35,"column":15}},"loc":{"start":{"line":35,"column":26},"end":{"line":37,"column":9}},"line":35},"3":{"name":"(anonymous_3)","decl":{"start":{"line":42,"column":34},"end":{"line":42,"column":35}},"loc":{"start":{"line":42,"column":40},"end":{"line":45,"column":3}},"line":42},"4":{"name":"(anonymous_4)","decl":{"start":{"line":48,"column":4},"end":{"line":48,"column":5}},"loc":{"start":{"line":48,"column":30},"end":{"line":63,"column":5}},"line":48},"5":{"name":"(anonymous_5)","decl":{"start":{"line":53,"column":14},"end":{"line":53,"column":15}},"loc":{"start":{"line":53,"column":26},"end":{"line":57,"column":9}},"line":53},"6":{"name":"(anonymous_6)","decl":{"start":{"line":58,"column":15},"end":{"line":58,"column":16}},"loc":{"start":{"line":58,"column":26},"end":{"line":62,"column":9}},"line":58},"7":{"name":"(anonymous_7)","decl":{"start":{"line":67,"column":4},"end":{"line":67,"column":5}},"loc":{"start":{"line":67,"column":31},"end":{"line":82,"column":5}},"line":67},"8":{"name":"(anonymous_8)","decl":{"start":{"line":72,"column":14},"end":{"line":72,"column":15}},"loc":{"start":{"line":72,"column":26},"end":{"line":76,"column":9}},"line":72},"9":{"name":"(anonymous_9)","decl":{"start":{"line":77,"column":15},"end":{"line":77,"column":16}},"loc":{"start":{"line":77,"column":26},"end":{"line":81,"column":9}},"line":77}},"branchMap":{"0":{"loc":{"start":{"line":123,"column":17},"end":{"line":127,"column":17}},"type":"binary-expr","locations":[{"start":{"line":123,"column":17},"end":{"line":123,"column":27}},{"start":{"line":124,"column":18},"end":{"line":126,"column":30}}],"line":123},"1":{"loc":{"start":{"line":173,"column":17},"end":{"line":177,"column":17}},"type":"binary-expr","locations":[{"start":{"line":173,"column":17},"end":{"line":173,"column":28}},{"start":{"line":174,"column":18},"end":{"line":176,"column":30}}],"line":173}},"s":{"0":36,"1":36,"2":36,"3":36,"4":36,"5":36,"6":36,"7":36,"8":36,"9":0,"10":0,"11":0,"12":36,"13":5,"14":5,"15":36,"16":3,"17":3,"18":3,"19":0,"20":0,"21":0,"22":3,"23":3,"24":3,"25":36,"26":2,"27":2,"28":2,"29":0,"30":0,"31":0,"32":2,"33":2,"34":2,"35":36,"36":9,"37":9,"38":9,"39":9,"40":9,"41":9,"42":9,"43":9,"44":9},"f":{"0":36,"1":0,"2":0,"3":5,"4":3,"5":0,"6":3,"7":2,"8":0,"9":2},"b":{"0":[36,6],"1":[36,4]},"_coverageSchema":"1a1c01bbd47fc00a2c39e90264f33305004495a9","hash":"4719fc708a55f021916045f34660dc4de2b9467e"}
,"C:\\COMP30022 IT Project\\NITRO30022-Frontend\\src\\components\\InputField.tsx": {"path":"C:\\COMP30022 IT Project\\NITRO30022-Frontend\\src\\components\\InputField.tsx","statementMap":{"0":{"start":{"line":16,"column":40},"end":{"line":63,"column":1}},"1":{"start":{"line":25,"column":35},"end":{"line":42,"column":3}},"2":{"start":{"line":43,"column":33},"end":{"line":45,"column":3}},"3":{"start":{"line":46,"column":2},"end":{"line":62,"column":4}},"4":{"start":{"line":65,"column":23},"end":{"line":69,"column":1}},"5":{"start":{"line":71,"column":18},"end":{"line":76,"column":1}},"6":{"start":{"line":78,"column":23},"end":{"line":87,"column":1}},"7":{"start":{"line":89,"column":16},"end":{"line":96,"column":1}},"8":{"start":{"line":97,"column":18},"end":{"line":112,"column":1}}},"fnMap":{"0":{"name":"(anonymous_0)","decl":{"start":{"line":16,"column":40},"end":{"line":16,"column":41}},"loc":{"start":{"line":24,"column":6},"end":{"line":63,"column":1}},"line":24}},"branchMap":{"0":{"loc":{"start":{"line":44,"column":17},"end":{"line":44,"column":38}},"type":"cond-expr","locations":[{"start":{"line":44,"column":23},"end":{"line":44,"column":29}},{"start":{"line":44,"column":32},"end":{"line":44,"column":38}}],"line":44}},"s":{"0":9,"1":180,"2":180,"3":180,"4":9,"5":9,"6":9,"7":9,"8":9},"f":{"0":180},"b":{"0":[180,0]},"_coverageSchema":"1a1c01bbd47fc00a2c39e90264f33305004495a9","hash":"1b2575ad7cefccd5870b783d8a6a60ba1eb0575a"}
,"C:\\COMP30022 IT Project\\NITRO30022-Frontend\\src\\components\\NitButton.tsx": {"path":"C:\\COMP30022 IT Project\\NITRO30022-Frontend\\src\\components\\NitButton.tsx","statementMap":{"0":{"start":{"line":14,"column":38},"end":{"line":32,"column":1}},"1":{"start":{"line":22,"column":2},"end":{"line":31,"column":4}},"2":{"start":{"line":34,"column":16},"end":{"line":38,"column":1}},"3":{"start":{"line":39,"column":20},"end":{"line":55,"column":1}},"4":{"start":{"line":57,"column":19},"end":{"line":67,"column":1}}},"fnMap":{"0":{"name":"(anonymous_0)","decl":{"start":{"line":14,"column":38},"end":{"line":14,"column":39}},"loc":{"start":{"line":21,"column":6},"end":{"line":32,"column":1}},"line":21}},"branchMap":{"0":{"loc":{"start":{"line":25,"column":7},"end":{"line":29,"column":7}},"type":"binary-expr","locations":[{"start":{"line":25,"column":7},"end":{"line":25,"column":14}},{"start":{"line":26,"column":8},"end":{"line":28,"column":18}}],"line":25}},"s":{"0":9,"1":72,"2":9,"3":9,"4":9},"f":{"0":72},"b":{"0":[72,10]},"_coverageSchema":"1a1c01bbd47fc00a2c39e90264f33305004495a9","hash":"60e7aa79de104731ef6e6fb7c167ea639b714345"}
,"C:\\COMP30022 IT Project\\NITRO30022-Frontend\\src\\redux\\apiClient.ts": {"path":"C:\\COMP30022 IT Project\\NITRO30022-Frontend\\src\\redux\\apiClient.ts","statementMap":{"0":{"start":{"line":13,"column":16},"end":{"line":13,"column":42}},"1":{"start":{"line":14,"column":25},"end":{"line":75,"column":2}},"2":{"start":{"line":19,"column":20},"end":{"line":19,"column":60}},"3":{"start":{"line":20,"column":6},"end":{"line":22,"column":7}},"4":{"start":{"line":21,"column":8},"end":{"line":21,"column":56}},"5":{"start":{"line":23,"column":6},"end":{"line":23,"column":21}},"6":{"start":{"line":26,"column":25},"end":{"line":74,"column":3}},"7":{"start":{"line":28,"column":29},"end":{"line":32,"column":7}},"8":{"start":{"line":35,"column":31},"end":{"line":39,"column":7}},"9":{"start":{"line":42,"column":31},"end":{"line":46,"column":7}},"10":{"start":{"line":49,"column":31},"end":{"line":59,"column":7}},"11":{"start":{"line":63,"column":20},"end":{"line":65,"column":7}},"12":{"start":{"line":68,"column":31},"end":{"line":72,"column":7}}},"fnMap":{"0":{"name":"(anonymous_0)","decl":{"start":{"line":18,"column":20},"end":{"line":18,"column":21}},"loc":{"start":{"line":18,"column":47},"end":{"line":24,"column":5}},"line":18},"1":{"name":"(anonymous_1)","decl":{"start":{"line":26,"column":13},"end":{"line":26,"column":14}},"loc":{"start":{"line":26,"column":25},"end":{"line":74,"column":3}},"line":26},"2":{"name":"(anonymous_2)","decl":{"start":{"line":28,"column":13},"end":{"line":28,"column":14}},"loc":{"start":{"line":28,"column":29},"end":{"line":32,"column":7}},"line":28},"3":{"name":"(anonymous_3)","decl":{"start":{"line":35,"column":13},"end":{"line":35,"column":14}},"loc":{"start":{"line":35,"column":31},"end":{"line":39,"column":7}},"line":35},"4":{"name":"(anonymous_4)","decl":{"start":{"line":42,"column":13},"end":{"line":42,"column":14}},"loc":{"start":{"line":42,"column":31},"end":{"line":46,"column":7}},"line":42},"5":{"name":"(anonymous_5)","decl":{"start":{"line":49,"column":13},"end":{"line":49,"column":14}},"loc":{"start":{"line":49,"column":31},"end":{"line":59,"column":7}},"line":49},"6":{"name":"(anonymous_6)","decl":{"start":{"line":63,"column":13},"end":{"line":63,"column":14}},"loc":{"start":{"line":63,"column":20},"end":{"line":65,"column":7}},"line":63},"7":{"name":"(anonymous_7)","decl":{"start":{"line":68,"column":13},"end":{"line":68,"column":14}},"loc":{"start":{"line":68,"column":31},"end":{"line":72,"column":7}},"line":68}},"branchMap":{"0":{"loc":{"start":{"line":20,"column":6},"end":{"line":22,"column":7}},"type":"if","locations":[{"start":{"line":20,"column":6},"end":{"line":22,"column":7}},{"start":{},"end":{}}],"line":20}},"s":{"0":9,"1":9,"2":5,"3":5,"4":0,"5":5,"6":9,"7":0,"8":3,"9":2,"10":0,"11":0,"12":0},"f":{"0":5,"1":9,"2":0,"3":3,"4":2,"5":0,"6":0,"7":0},"b":{"0":[0,5]},"_coverageSchema":"1a1c01bbd47fc00a2c39e90264f33305004495a9","hash":"79e719afc3a9912899507aca3ca7534d221192f4"}
,"C:\\COMP30022 IT Project\\NITRO30022-Frontend\\src\\redux\\authReducer.ts": {"path":"C:\\COMP30022 IT Project\\NITRO30022-Frontend\\src\\redux\\authReducer.ts","statementMap":{"0":{"start":{"line":4,"column":32},"end":{"line":6,"column":1}},"1":{"start":{"line":8,"column":25},"end":{"line":20,"column":2}},"2":{"start":{"line":13,"column":6},"end":{"line":13,"column":39}},"3":{"start":{"line":17,"column":6},"end":{"line":17,"column":47}},"4":{"start":{"line":21,"column":40},"end":{"line":21,"column":57}}},"fnMap":{"0":{"name":"(anonymous_0)","decl":{"start":{"line":12,"column":18},"end":{"line":12,"column":19}},"loc":{"start":{"line":12,"column":60},"end":{"line":14,"column":5}},"line":12},"1":{"name":"(anonymous_1)","decl":{"start":{"line":16,"column":12},"end":{"line":16,"column":13}},"loc":{"start":{"line":16,"column":23},"end":{"line":18,"column":5}},"line":16}},"branchMap":{},"s":{"0":9,"1":9,"2":0,"3":0,"4":9},"f":{"0":0,"1":0},"b":{},"_coverageSchema":"1a1c01bbd47fc00a2c39e90264f33305004495a9","hash":"88faef048618598903b379b7fc2a4c660c9cb30e"}
,"C:\\COMP30022 IT Project\\NITRO30022-Frontend\\src\\redux\\store.ts": {"path":"C:\\COMP30022 IT Project\\NITRO30022-Frontend\\src\\redux\\store.ts","statementMap":{"0":{"start":{"line":5,"column":14},"end":{"line":10,"column":2}}},"fnMap":{},"branchMap":{},"s":{"0":9},"f":{},"b":{},"_coverageSchema":"1a1c01bbd47fc00a2c39e90264f33305004495a9","hash":"0e232cd667ebe67cb1c16756a080b79619e8370d"}
,"C:\\COMP30022 IT Project\\NITRO30022-Frontend\\src\\redux\\userReducer.ts": {"path":"C:\\COMP30022 IT Project\\NITRO30022-Frontend\\src\\redux\\userReducer.ts","statementMap":{"0":{"start":{"line":4,"column":24},"end":{"line":4,"column":34}},"1":{"start":{"line":6,"column":32},"end":{"line":10,"column":1}},"2":{"start":{"line":12,"column":25},"end":{"line":22,"column":2}},"3":{"start":{"line":17,"column":6},"end":{"line":17,"column":41}},"4":{"start":{"line":18,"column":6},"end":{"line":18,"column":47}},"5":{"start":{"line":19,"column":6},"end":{"line":19,"column":47}},"6":{"start":{"line":23,"column":27},"end":{"line":23,"column":44}}},"fnMap":{"0":{"name":"(anonymous_0)","decl":{"start":{"line":16,"column":13},"end":{"line":16,"column":14}},"loc":{"start":{"line":16,"column":58},"end":{"line":20,"column":5}},"line":16}},"branchMap":{},"s":{"0":9,"1":9,"2":9,"3":0,"4":0,"5":0,"6":9},"f":{"0":0},"b":{},"_coverageSchema":"1a1c01bbd47fc00a2c39e90264f33305004495a9","hash":"0d7e039d9762e70bcaad581a96ddec7eeed77128"}
}
