{"total": {"lines":{"total":84,"covered":47,"skipped":0,"pct":55.95},"statements":{"total":84,"covered":47,"skipped":0,"pct":55.95},"functions":{"total":22,"covered":5,"skipped":0,"pct":22.72},"branches":{"total":8,"covered":3,"skipped":0,"pct":37.5},"branchesTrue":{"total":0,"covered":0,"skipped":0,"pct":100}}
,"C:\\COMP30022 IT Project\\NITRO30022-Frontend\\pages\\_app.tsx": {"lines":{"total":1,"covered":1,"skipped":0,"pct":100},"functions":{"total":1,"covered":1,"skipped":0,"pct":100},"statements":{"total":1,"covered":1,"skipped":0,"pct":100},"branches":{"total":0,"covered":0,"skipped":0,"pct":100}}
,"C:\\COMP30022 IT Project\\NITRO30022-Frontend\\pages\\index.tsx": {"lines":{"total":45,"covered":22,"skipped":0,"pct":48.88},"functions":{"total":10,"covered":1,"skipped":0,"pct":10},"statements":{"total":45,"covered":22,"skipped":0,"pct":48.88},"branches":{"total":4,"covered":2,"skipped":0,"pct":50}}
,"C:\\COMP30022 IT Project\\NITRO30022-Frontend\\pages\\dashboard\\components\\ActivityIndicator.tsx": {"lines":{"total":3,"covered":1,"skipped":0,"pct":33.33},"functions":{"total":1,"covered":0,"skipped":0,"pct":0},"statements":{"total":3,"covered":1,"skipped":0,"pct":33.33},"branches":{"total":0,"covered":0,"skipped":0,"pct":100}}
,"C:\\COMP30022 IT Project\\NITRO30022-Frontend\\src\\components\\InputField.tsx": {"lines":{"total":8,"covered":8,"skipped":0,"pct":100},"functions":{"total":1,"covered":1,"skipped":0,"pct":100},"statements":{"total":8,"covered":8,"skipped":0,"pct":100},"branches":{"total":0,"covered":0,"skipped":0,"pct":100}}
,"C:\\COMP30022 IT Project\\NITRO30022-Frontend\\src\\components\\NitButton.tsx": {"lines":{"total":5,"covered":5,"skipped":0,"pct":100},"functions":{"total":1,"covered":1,"skipped":0,"pct":100},"statements":{"total":5,"covered":5,"skipped":0,"pct":100},"branches":{"total":2,"covered":1,"skipped":0,"pct":50}}
,"C:\\COMP30022 IT Project\\NITRO30022-Frontend\\src\\redux\\apiClient.ts": {"lines":{"total":9,"covered":2,"skipped":0,"pct":22.22},"functions":{"total":5,"covered":1,"skipped":0,"pct":20},"statements":{"total":9,"covered":2,"skipped":0,"pct":22.22},"branches":{"total":2,"covered":0,"skipped":0,"pct":0}}
,"C:\\COMP30022 IT Project\\NITRO30022-Frontend\\src\\redux\\authReducer.ts": {"lines":{"total":5,"covered":3,"skipped":0,"pct":60},"functions":{"total":2,"covered":0,"skipped":0,"pct":0},"statements":{"total":5,"covered":3,"skipped":0,"pct":60},"branches":{"total":0,"covered":0,"skipped":0,"pct":100}}
,"C:\\COMP30022 IT Project\\NITRO30022-Frontend\\src\\redux\\store.ts": {"lines":{"total":1,"covered":1,"skipped":0,"pct":100},"functions":{"total":0,"covered":0,"skipped":0,"pct":100},"statements":{"total":1,"covered":1,"skipped":0,"pct":100},"branches":{"total":0,"covered":0,"skipped":0,"pct":100}}
,"C:\\COMP30022 IT Project\\NITRO30022-Frontend\\src\\redux\\userReducer.ts": {"lines":{"total":7,"covered":4,"skipped":0,"pct":57.14},"functions":{"total":1,"covered":0,"skipped":0,"pct":0},"statements":{"total":7,"covered":4,"skipped":0,"pct":57.14},"branches":{"total":0,"covered":0,"skipped":0,"pct":100}}
}
