TN:
SF:src\components\InputField.tsx
FN:15,(anonymous_0)
FNF:1
FNH:1
FNDA:240,(anonymous_0)
DA:15,17
DA:23,240
DA:41,240
DA:44,240
DA:63,17
DA:69,17
DA:76,17
DA:87,17
DA:95,17
LF:9
LH:9
BRDA:42,0,0,240
BRDA:42,0,1,0
BRF:2
BRH:1
end_of_record
TN:
SF:src\components\NitButton.tsx
FN:13,(anonymous_0)
FNF:1
FNH:1
FNDA:96,(anonymous_0)
DA:13,17
DA:20,96
DA:32,17
DA:37,17
DA:55,17
LF:5
LH:5
BRDA:23,0,0,96
BRDA:23,0,1,10
BRF:2
BRH:2
end_of_record
TN:
SF:src\redux\apiClient.ts
FN:18,(anonymous_0)
FN:26,(anonymous_1)
FN:28,(anonymous_2)
FN:35,(anonymous_3)
FN:42,(anonymous_4)
FN:49,(anonymous_5)
FN:63,(anonymous_6)
FN:68,(anonymous_7)
FNF:8
FNH:4
FNDA:5,(anonymous_0)
FNDA:17,(anonymous_1)
FNDA:0,(anonymous_2)
FNDA:3,(anonymous_3)
FNDA:2,(anonymous_4)
FNDA:0,(anonymous_5)
FNDA:0,(anonymous_6)
FNDA:0,(anonymous_7)
DA:13,17
DA:14,17
DA:19,5
DA:20,5
DA:21,0
DA:23,5
DA:26,17
DA:28,0
DA:35,3
DA:42,2
DA:49,0
DA:63,0
DA:68,0
LF:13
LH:8
BRDA:20,0,0,0
BRDA:20,0,1,5
BRF:2
BRH:1
end_of_record
TN:
SF:src\redux\authReducer.ts
FN:12,(anonymous_0)
FN:16,(anonymous_1)
FNF:2
FNH:0
FNDA:0,(anonymous_0)
FNDA:0,(anonymous_1)
DA:4,17
DA:8,17
DA:13,0
DA:17,0
DA:21,17
LF:5
LH:3
BRF:0
BRH:0
end_of_record
TN:
SF:src\redux\store.ts
FNF:0
FNH:0
DA:5,17
LF:1
LH:1
BRF:0
BRH:0
end_of_record
TN:
SF:src\redux\userReducer.ts
FN:16,(anonymous_0)
FNF:1
FNH:0
FNDA:0,(anonymous_0)
DA:4,17
DA:6,17
DA:12,17
DA:17,0
DA:18,0
DA:19,0
DA:23,17
LF:7
LH:4
BRF:0
BRH:0
end_of_record
