TN:
SF:src\components\InputField.tsx
FN:15,(anonymous_0)
FNF:1
FNH:1
FNDA:60,(anonymous_0)
DA:15,8
DA:23,60
DA:41,60
DA:44,60
DA:63,8
DA:69,8
DA:76,8
DA:87,8
DA:95,8
LF:9
LH:9
BRDA:42,0,0,60
BRDA:42,0,1,0
BRF:2
BRH:1
end_of_record
TN:
SF:src\components\NitButton.tsx
FN:13,(anonymous_0)
FNF:1
FNH:1
FNDA:24,(anonymous_0)
DA:13,8
DA:20,24
DA:32,8
DA:37,8
DA:55,8
LF:5
LH:5
BRDA:23,0,0,24
BRDA:23,0,1,0
BRF:2
BRH:1
end_of_record
TN:
SF:src\redux\apiClient.ts
FN:18,(anonymous_0)
FN:26,(anonymous_1)
FN:28,(anonymous_2)
FN:35,(anonymous_3)
FN:42,(anonymous_4)
FN:49,(anonymous_5)
FN:63,(anonymous_6)
FN:68,(anonymous_7)
FNF:8
FNH:1
FNDA:0,(anonymous_0)
FNDA:8,(anonymous_1)
FNDA:0,(anonymous_2)
FNDA:0,(anonymous_3)
FNDA:0,(anonymous_4)
FNDA:0,(anonymous_5)
FNDA:0,(anonymous_6)
FNDA:0,(anonymous_7)
DA:13,8
DA:14,8
DA:19,0
DA:20,0
DA:21,0
DA:23,0
DA:26,8
DA:28,0
DA:35,0
DA:42,0
DA:49,0
DA:63,0
DA:68,0
LF:13
LH:3
BRDA:20,0,0,0
BRDA:20,0,1,0
BRF:2
BRH:0
end_of_record
TN:
SF:src\redux\authReducer.ts
FN:12,(anonymous_0)
FN:16,(anonymous_1)
FNF:2
FNH:0
FNDA:0,(anonymous_0)
FNDA:0,(anonymous_1)
DA:4,8
DA:8,8
DA:13,0
DA:17,0
DA:21,8
LF:5
LH:3
BRF:0
BRH:0
end_of_record
TN:
SF:src\redux\store.ts
FNF:0
FNH:0
DA:5,8
LF:1
LH:1
BRF:0
BRH:0
end_of_record
TN:
SF:src\redux\userReducer.ts
FN:16,(anonymous_0)
FNF:1
FNH:0
FNDA:0,(anonymous_0)
DA:4,8
DA:6,8
DA:12,8
DA:17,0
DA:18,0
DA:19,0
DA:23,8
LF:7
LH:4
BRF:0
BRH:0
end_of_record
